[debug] [2025-09-09T04:31:27.812Z] Checked if tokens are valid: true, expires at: 1757395536220
[debug] [2025-09-09T04:31:27.813Z] Checked if tokens are valid: true, expires at: 1757395536220
[debug] [2025-09-09T04:31:27.813Z] Checked if tokens are valid: true, expires at: 1757395536220
[debug] [2025-09-09T04:31:27.813Z] Checked if tokens are valid: true, expires at: 1757395536220
[debug] [2025-09-09T04:31:27.814Z] Checked if tokens are valid: true, expires at: 1757395536220
[debug] [2025-09-09T04:31:27.814Z] Checked if tokens are valid: true, expires at: 1757395536220
[debug] [2025-09-09T04:31:27.814Z] Checked if tokens are valid: true, expires at: 1757395536220
[debug] [2025-09-09T04:31:27.814Z] Checked if tokens are valid: true, expires at: 1757395536220
[debug] [2025-09-09T04:31:27.814Z] Checked if tokens are valid: true, expires at: 1757395536220
[debug] [2025-09-09T04:31:27.814Z] Checked if tokens are valid: true, expires at: 1757395536220
[debug] [2025-09-09T04:31:27.815Z] >>> [apiv2][query] GET https://serviceusage.googleapis.com/v1/projects/h1founders/services/ [none]
[debug] [2025-09-09T04:31:27.815Z] >>> [apiv2][(partial)header] GET https://serviceusage.googleapis.com/v1/projects/h1founders/services/ x-goog-quota-user=projects/h1founders
[debug] [2025-09-09T04:31:27.836Z] >>> [apiv2][query] GET https://serviceusage.googleapis.com/v1/projects/h1founders/services/firebasedataconnect.googleapis.com [none]
[debug] [2025-09-09T04:31:27.836Z] >>> [apiv2][(partial)header] GET https://serviceusage.googleapis.com/v1/projects/h1founders/services/firebasedataconnect.googleapis.com x-goog-quota-user=projects/h1founders
[debug] [2025-09-09T04:31:27.837Z] >>> [apiv2][query] GET https://serviceusage.googleapis.com/v1/projects/h1founders/services/firebasecrashlytics.googleapis.com [none]
[debug] [2025-09-09T04:31:27.837Z] >>> [apiv2][(partial)header] GET https://serviceusage.googleapis.com/v1/projects/h1founders/services/firebasecrashlytics.googleapis.com x-goog-quota-user=projects/h1founders
[debug] [2025-09-09T04:31:27.838Z] >>> [apiv2][query] GET https://serviceusage.googleapis.com/v1/projects/h1founders/services/firebaseapphosting.googleapis.com [none]
[debug] [2025-09-09T04:31:27.838Z] >>> [apiv2][(partial)header] GET https://serviceusage.googleapis.com/v1/projects/h1founders/services/firebaseapphosting.googleapis.com x-goog-quota-user=projects/h1founders
[debug] [2025-09-09T04:31:27.839Z] >>> [apiv2][query] GET https://serviceusage.googleapis.com/v1/projects/h1founders/services/firebaseio.com [none]
[debug] [2025-09-09T04:31:27.839Z] >>> [apiv2][(partial)header] GET https://serviceusage.googleapis.com/v1/projects/h1founders/services/firebaseio.com x-goog-quota-user=projects/h1founders
[debug] [2025-09-09T04:31:28.122Z] <<< [apiv2][status] GET https://serviceusage.googleapis.com/v1/projects/h1founders/services/firebaseio.com 403
[debug] [2025-09-09T04:31:28.122Z] <<< [apiv2][body] GET https://serviceusage.googleapis.com/v1/projects/h1founders/services/firebaseio.com [omitted]
[debug] [2025-09-09T04:31:28.184Z] <<< [apiv2][status] GET https://serviceusage.googleapis.com/v1/projects/h1founders/services/firebasedataconnect.googleapis.com 200
[debug] [2025-09-09T04:31:28.184Z] <<< [apiv2][body] GET https://serviceusage.googleapis.com/v1/projects/h1founders/services/firebasedataconnect.googleapis.com [omitted]
[debug] [2025-09-09T04:31:28.247Z] <<< [apiv2][status] GET https://serviceusage.googleapis.com/v1/projects/h1founders/services/firebasecrashlytics.googleapis.com 200
[debug] [2025-09-09T04:31:28.247Z] <<< [apiv2][body] GET https://serviceusage.googleapis.com/v1/projects/h1founders/services/firebasecrashlytics.googleapis.com [omitted]
[debug] [2025-09-09T04:31:28.263Z] <<< [apiv2][status] GET https://serviceusage.googleapis.com/v1/projects/h1founders/services/firebaseapphosting.googleapis.com 200
[debug] [2025-09-09T04:31:28.263Z] <<< [apiv2][body] GET https://serviceusage.googleapis.com/v1/projects/h1founders/services/firebaseapphosting.googleapis.com [omitted]
[debug] [2025-09-09T04:31:28.435Z] <<< [apiv2][status] GET https://serviceusage.googleapis.com/v1/projects/h1founders/services/ 200
[debug] [2025-09-09T04:31:28.435Z] <<< [apiv2][body] GET https://serviceusage.googleapis.com/v1/projects/h1founders/services/ [omitted]
